[{"line":1,"elements":[{"start_timestamp":"2023-04-08T11:35:59.128Z","line":10,"name":"TC_02 Vice Dean Hesab覺yla sayfaya girilebilmeli","description":"","id":"us-10-vicedean;tc-02-vice-dean-hesab覺yla-sayfaya-girilebilmeli","type":"scenario","keyword":"Scenario","steps":[{"result":{"error_message":"io.cucumber.core.exception.CucumberException: Failed to instantiate class stepdefinitions.MyStepdefs\r\n\tat io.cucumber.core.backend.DefaultObjectFactory.cacheNewInstance(DefaultObjectFactory.java:67)\r\n\tat io.cucumber.core.backend.DefaultObjectFactory.getInstance(DefaultObjectFactory.java:45)\r\n\tat io.cucumber.java.AbstractGlueDefinition.invokeMethod(AbstractGlueDefinition.java:47)\r\n\tat io.cucumber.java.JavaStepDefinition.execute(JavaStepDefinition.java:29)\r\n\tat io.cucumber.core.runner.CoreStepDefinition.execute(CoreStepDefinition.java:66)\r\n\tat io.cucumber.core.runner.PickleStepDefinitionMatch.runStep(PickleStepDefinitionMatch.java:63)\r\n\tat io.cucumber.core.runner.ExecutionMode$1.execute(ExecutionMode.java:10)\r\n\tat io.cucumber.core.runner.TestStep.executeStep(TestStep.java:84)\r\n\tat io.cucumber.core.runner.TestStep.run(TestStep.java:56)\r\n\tat io.cucumber.core.runner.PickleStepTestStep.run(PickleStepTestStep.java:51)\r\n\tat io.cucumber.core.runner.TestCase.run(TestCase.java:84)\r\n\tat io.cucumber.core.runner.Runner.runPickle(Runner.java:75)\r\n\tat io.cucumber.junit.PickleRunners$NoStepDescriptions.lambda$run$0(PickleRunners.java:151)\r\n\tat io.cucumber.core.runtime.CucumberExecutionContext.lambda$runTestCase$5(CucumberExecutionContext.java:130)\r\n\tat io.cucumber.core.runtime.RethrowingThrowableCollector.executeAndThrow(RethrowingThrowableCollector.java:23)\r\n\tat io.cucumber.core.runtime.CucumberExecutionContext.runTestCase(CucumberExecutionContext.java:130)\r\n\tat io.cucumber.junit.PickleRunners$NoStepDescriptions.run(PickleRunners.java:148)\r\n\tat io.cucumber.junit.FeatureRunner.runChild(FeatureRunner.java:144)\r\n\tat io.cucumber.junit.FeatureRunner.runChild(FeatureRunner.java:28)\r\n\tat org.junit.runners.ParentRunner$4.run(ParentRunner.java:331)\r\n\tat org.junit.runners.ParentRunner$1.schedule(ParentRunner.java:79)\r\n\tat org.junit.runners.ParentRunner.runChildren(ParentRunner.java:329)\r\n\tat org.junit.runners.ParentRunner.access$100(ParentRunner.java:66)\r\n\tat org.junit.runners.ParentRunner$2.evaluate(ParentRunner.java:293)\r\n\tat org.junit.runners.ParentRunner$3.evaluate(ParentRunner.java:306)\r\n\tat org.junit.runners.ParentRunner.run(ParentRunner.java:413)\r\n\tat io.cucumber.junit.FeatureRunner.run(FeatureRunner.java:137)\r\n\tat io.cucumber.junit.Cucumber.runChild(Cucumber.java:196)\r\n\tat io.cucumber.junit.Cucumber.runChild(Cucumber.java:89)\r\n\tat org.junit.runners.ParentRunner$4.run(ParentRunner.java:331)\r\n\tat org.junit.runners.ParentRunner$1.schedule(ParentRunner.java:79)\r\n\tat org.junit.runners.ParentRunner.runChildren(ParentRunner.java:329)\r\n\tat org.junit.runners.ParentRunner.access$100(ParentRunner.java:66)\r\n\tat org.junit.runners.ParentRunner$2.evaluate(ParentRunner.java:293)\r\n\tat io.cucumber.junit.Cucumber$RunBeforeAllHooks.evaluate(Cucumber.java:266)\r\n\tat io.cucumber.junit.Cucumber$RunAfterAllHooks.evaluate(Cucumber.java:281)\r\n\tat io.cucumber.junit.Cucumber$StartTestRun.evaluate(Cucumber.java:233)\r\n\tat io.cucumber.junit.Cucumber$FinishTestRun.evaluate(Cucumber.java:248)\r\n\tat org.junit.runners.ParentRunner$3.evaluate(ParentRunner.java:306)\r\n\tat org.junit.runners.ParentRunner.run(ParentRunner.java:413)\r\n\tat org.junit.runner.JUnitCore.run(JUnitCore.java:137)\r\n\tat com.intellij.junit4.JUnit4IdeaTestRunner.startRunnerWithArgs(JUnit4IdeaTestRunner.java:69)\r\n\tat com.intellij.rt.junit.IdeaTestRunner$Repeater$1.execute(IdeaTestRunner.java:38)\r\n\tat com.intellij.rt.execution.junit.TestsRepeater.repeat(TestsRepeater.java:11)\r\n\tat com.intellij.rt.junit.IdeaTestRunner$Repeater.startRunnerWithArgs(IdeaTestRunner.java:35)\r\n\tat com.intellij.rt.junit.JUnitStarter.prepareStreamsAndStart(JUnitStarter.java:235)\r\n\tat com.intellij.rt.junit.JUnitStarter.main(JUnitStarter.java:54)\r\nCaused by: java.lang.reflect.InvocationTargetException\r\n\tat java.base/jdk.internal.reflect.NativeConstructorAccessorImpl.newInstance0(Native Method)\r\n\tat java.base/jdk.internal.reflect.NativeConstructorAccessorImpl.newInstance(NativeConstructorAccessorImpl.java:62)\r\n\tat java.base/jdk.internal.reflect.DelegatingConstructorAccessorImpl.newInstance(DelegatingConstructorAccessorImpl.java:45)\r\n\tat java.base/java.lang.reflect.Constructor.newInstance(Constructor.java:490)\r\n\tat io.cucumber.core.backend.DefaultObjectFactory.cacheNewInstance(DefaultObjectFactory.java:53)\r\n\t... 46 more\r\nCaused by: org.openqa.selenium.InvalidSelectorException: Compound class names not permitted\nFor documentation on this error, please visit: https://selenium.dev/exceptions/#invalid_selector_exception\nBuild info: version: '4.8.3', revision: 'e5e76298c3'\nSystem info: os.name: 'Windows 10', os.arch: 'amd64', os.version: '10.0', java.version: '11.0.18'\nDriver info: driver.version: unknown\r\n\tat org.openqa.selenium.By$ByClassName.<init>(By.java:310)\r\n\tat org.openqa.selenium.By.className(By.java:100)\r\n\tat org.openqa.selenium.support.AbstractFindByBuilder.buildByFromShortFindBy(AbstractFindByBuilder.java:43)\r\n\tat org.openqa.selenium.support.FindBy$FindByBuilder.buildIt(FindBy.java:85)\r\n\tat org.openqa.selenium.support.pagefactory.Annotations.buildBy(Annotations.java:79)\r\n\tat org.openqa.selenium.support.pagefactory.DefaultElementLocator.<init>(DefaultElementLocator.java:58)\r\n\tat org.openqa.selenium.support.pagefactory.DefaultElementLocator.<init>(DefaultElementLocator.java:46)\r\n\tat org.openqa.selenium.support.pagefactory.DefaultElementLocatorFactory.createLocator(DefaultElementLocatorFactory.java:33)\r\n\tat org.openqa.selenium.support.pagefactory.DefaultFieldDecorator.decorate(DefaultFieldDecorator.java:57)\r\n\tat org.openqa.selenium.support.PageFactory.proxyFields(PageFactory.java:111)\r\n\tat org.openqa.selenium.support.PageFactory.initElements(PageFactory.java:103)\r\n\tat org.openqa.selenium.support.PageFactory.initElements(PageFactory.java:90)\r\n\tat org.openqa.selenium.support.PageFactory.initElements(PageFactory.java:78)\r\n\tat pages.ViceDEanPages.<init>(ViceDEanPages.java:11)\r\n\tat stepdefinitions.MyStepdefs.<init>(MyStepdefs.java:17)\r\n\t... 51 more\r\n","duration":4537207100,"status":"failed"},"line":11,"name":"Kullanici managementonschools adresine gider","match":{"location":"stepdefinitions.MyStepdefs.kullaniciManagementonschoolsAdresineGider()"},"keyword":"When "},{"result":{"duration":999600,"status":"skipped"},"line":12,"name":"Kullanici UserName butonuna tiklar","match":{"location":"stepdefinitions.MyStepdefs.kullaniciUserNameButonunaTiklar()"},"keyword":"Then "},{"result":{"status":"skipped"},"line":13,"name":"Kullanici gecerli  UserName girer","match":{"location":"stepdefinitions.MyStepdefs.kullaniciGecerliUserNameGirer()"},"keyword":"Then "},{"result":{"status":"skipped"},"line":14,"name":"Kullanici  Password butonuna tiklarr","match":{"location":"stepdefinitions.MyStepdefs.kullaniciPasswordButonunaTiklarr()"},"keyword":"Then "},{"result":{"status":"skipped"},"line":15,"name":"Kullanici gecerli  Password girer","match":{"location":"stepdefinitions.MyStepdefs.kullaniciGecerliPasswordGirer()"},"keyword":"Then "},{"result":{"status":"skipped"},"line":16,"name":"Kullanici login butonuna t覺klar","match":{"location":"stepdefinitions.MyStepdefs.kullaniciLoginButonunaT覺klar()"},"keyword":"Then "},{"result":{"status":"skipped"},"line":17,"name":"Kullanici sayfaya girildigini dogrular","match":{"location":"stepdefinitions.MyStepdefs.kullaniciSayfayaGirildiginiDogrular()"},"keyword":"And "}],"tags":[{"name":"@US_10_TC_02"}]}],"name":"US_10 ViceDEan","description":"","id":"us-10-vicedean","keyword":"Feature","uri":"file:src/test/resources/feature/ViceDeanLessonProgram.feature","tags":[]}]